app/build/intermediates/manifest_merge_blame_file/debug/manifest-merger-blame-debug-report.txt
1<?xml version="1.0" encoding="utf-8"?>
2<manifest xmlns:android="http://schemas.android.com/apk/res/android"
3    package="com.pluralsight.candycoded"
4    android:versionCode="1"
5    android:versionName="1.0" >
6
7    <uses-sdk
8        android:minSdkVersion="15"
8-->src/main/AndroidManifest.xml
9        android:targetSdkVersion="29" />
9-->src/main/AndroidManifest.xml
10
11    <application
11-->src/main/AndroidManifest.xml:5:3-21:17
12        android:allowBackup="true"
12-->src/main/AndroidManifest.xml:6:7-33
13        android:appComponentFactory="androidx.core.app.CoreComponentFactory"
13-->[androidx.core:core:1.7.0] AndroidManifest.xml:24:18-86
14        android:debuggable="true"
15        android:icon="@mipmap/ic_launcher"
15-->src/main/AndroidManifest.xml:7:7-41
16        android:label="@string/app_name"
16-->src/main/AndroidManifest.xml:8:7-39
17        android:roundIcon="@mipmap/ic_launcher_round"
17-->src/main/AndroidManifest.xml:9:7-52
18        android:supportsRtl="true"
18-->src/main/AndroidManifest.xml:10:7-33
19        android:theme="@style/AppTheme" >
19-->src/main/AndroidManifest.xml:11:7-38
20        <activity android:name="com.pluralsight.candycoded.MainActivity" >
20-->src/main/AndroidManifest.xml:12:5-18:16
20-->src/main/AndroidManifest.xml:12:15-43
21            <intent-filter>
21-->src/main/AndroidManifest.xml:13:7-17:23
22                <action android:name="android.intent.action.MAIN" />
22-->src/main/AndroidManifest.xml:14:9-61
22-->src/main/AndroidManifest.xml:14:17-58
23
24                <category android:name="android.intent.category.LAUNCHER" />
24-->src/main/AndroidManifest.xml:16:9-69
24-->src/main/AndroidManifest.xml:16:19-66
25            </intent-filter>
26        </activity>
27        <activity android:name="com.pluralsight.candycoded.DetailActivity" />
27-->src/main/AndroidManifest.xml:19:5-48
27-->src/main/AndroidManifest.xml:19:15-45
28        <activity android:name="com.pluralsight.candycoded.InfoActivity" />
28-->src/main/AndroidManifest.xml:20:5-55
28-->src/main/AndroidManifest.xml:20:15-43
29
30        <provider
30-->[androidx.emoji2:emoji2:1.0.0] AndroidManifest.xml:26:9-34:20
31            android:name="androidx.startup.InitializationProvider"
31-->[androidx.emoji2:emoji2:1.0.0] AndroidManifest.xml:27:13-67
32            android:authorities="com.pluralsight.candycoded.androidx-startup"
32-->[androidx.emoji2:emoji2:1.0.0] AndroidManifest.xml:28:13-68
33            android:exported="false" >
33-->[androidx.emoji2:emoji2:1.0.0] AndroidManifest.xml:29:13-37
34            <meta-data
34-->[androidx.emoji2:emoji2:1.0.0] AndroidManifest.xml:31:13-33:52
35                android:name="androidx.emoji2.text.EmojiCompatInitializer"
35-->[androidx.emoji2:emoji2:1.0.0] AndroidManifest.xml:32:17-75
36                android:value="androidx.startup" />
36-->[androidx.emoji2:emoji2:1.0.0] AndroidManifest.xml:33:17-49
37            <meta-data
37-->[androidx.lifecycle:lifecycle-process:2.4.0] AndroidManifest.xml:31:13-33:52
38                android:name="androidx.lifecycle.ProcessLifecycleInitializer"
38-->[androidx.lifecycle:lifecycle-process:2.4.0] AndroidManifest.xml:32:17-78
39                android:value="androidx.startup" />
39-->[androidx.lifecycle:lifecycle-process:2.4.0] AndroidManifest.xml:33:17-49
40        </provider>
41    </application>
42
43</manifest>